<?xml version="1.0" encoding="UTF-8"?>
<!-- Generated by org.testng.reporters.JUnitXMLReporter -->
<testsuite ignored="0" hostname="192.168.1.193" failures="0" tests="4" name="Default test" time="3.032" errors="0" timestamp="2021-08-25T03:35:30 BST">
  <testcase classname="com.example.Regres" name="listResource" time="2.358"/>
  <testcase classname="com.example.Regres" name="listResource1" time="0.168"/>
  <testcase classname="com.example.Regres" name="loginSuccessful" time="0.352"/>
  <testcase classname="com.example.Regres" name="registerSuccessful" time="0.111"/>
</testsuite> <!-- Default test -->
