<?xml version="1.0" encoding="UTF-8"?>
<!-- Generated by org.testng.reporters.JUnitXMLReporter -->
<testsuite ignored="0" hostname="192.168.1.193" failures="0" tests="4" name="Regres" time="3.333" errors="0" timestamp="2021-08-27T20:44:40 BST">
  <testcase classname="com.example.Regres" name="listResource" time="2.46"/>
  <testcase classname="com.example.Regres" name="listResourceValidateIds" time="0.23"/>
  <testcase classname="com.example.Regres" name="loginSuccessful" time="0.472"/>
  <testcase classname="com.example.Regres" name="registerSuccessful" time="0.127"/>
</testsuite> <!-- Regres -->
