<?xml version="1.0" encoding="UTF-8"?>
<!-- Generated by org.testng.reporters.JUnitXMLReporter -->
<testsuite ignored="0" hostname="192.168.1.193" failures="0" tests="4" name="Test" time="4.503" errors="0" timestamp="2021-08-27T15:50:18 BST">
  <testcase classname="com.example.Regres" name="listResource" time="3.624"/>
  <testcase classname="com.example.Regres" name="listResourceValidateIds" time="0.226"/>
  <testcase classname="com.example.Regres" name="loginSuccessful" time="0.455"/>
  <testcase classname="com.example.Regres" name="registerSuccessful" time="0.139"/>
</testsuite> <!-- Test -->
