<?xml version="1.0" encoding="UTF-8"?>
<testng-results ignored="0" total="4" passed="4" failed="0" skipped="0">
  <reporter-output>
  </reporter-output>
  <suite started-at="2021-08-27T20:44:36 BST" name="Suite" finished-at="2021-08-27T20:44:40 BST" duration-ms="3333">
    <groups>
    </groups>
    <test started-at="2021-08-27T20:44:36 BST" name="Regres" finished-at="2021-08-27T20:44:40 BST" duration-ms="3333">
      <class name="com.example.Regres">
        <test-method signature="listResource()[pri:0, instance:com.example.Regres@527e5409]" started-at="2021-08-27T20:44:36 BST" name="listResource" finished-at="2021-08-27T20:44:39 BST" duration-ms="2460" status="PASS">
          <reporter-output>
          </reporter-output>
        </test-method> <!-- listResource -->
        <test-method signature="listResourceValidateIds()[pri:0, instance:com.example.Regres@527e5409]" started-at="2021-08-27T20:44:39 BST" name="listResourceValidateIds" finished-at="2021-08-27T20:44:39 BST" duration-ms="230" status="PASS">
          <reporter-output>
          </reporter-output>
        </test-method> <!-- listResourceValidateIds -->
        <test-method signature="loginSuccessful()[pri:0, instance:com.example.Regres@527e5409]" started-at="2021-08-27T20:44:39 BST" name="loginSuccessful" finished-at="2021-08-27T20:44:40 BST" duration-ms="472" status="PASS">
          <reporter-output>
          </reporter-output>
        </test-method> <!-- loginSuccessful -->
        <test-method signature="registerSuccessful()[pri:0, instance:com.example.Regres@527e5409]" started-at="2021-08-27T20:44:40 BST" name="registerSuccessful" finished-at="2021-08-27T20:44:40 BST" duration-ms="127" status="PASS">
          <reporter-output>
          </reporter-output>
        </test-method> <!-- registerSuccessful -->
      </class> <!-- com.example.Regres -->
    </test> <!-- Regres -->
  </suite> <!-- Suite -->
</testng-results>
